<?xml version="1.0" encoding="UTF-8"?>
<testsuite xmlns:xsi="http://www.w3.org/2001/XMLSchema-instance" xsi:noNamespaceSchemaLocation="https://maven.apache.org/surefire/maven-surefire-plugin/xsd/surefire-test-report.xsd" version="3.0.2" name="com.curso.springboot.spring_boot_web.SpringBootWebApplicationTests" time="1.723" tests="1" errors="0" skipped="0" failures="0">
  <properties>
[...]
</properties>
  <testcase name="contextLoads" classname="com.curso.springboot.spring_boot_web.SpringBootWebApplicationTests" time="0.479">
    <system-out><![CDATA[17:09:07.692 [main] INFO org.springframework.test.context.support.AnnotationConfigContextLoaderUtils -- Could not detect default configuration classes for test class [com.curso.springboot.spring_boot_web.SpringBootWebApplicationTests]: SpringBootWebApplicationTests does not declare any static, non-private, non-final, nested classes annotated with @Configuration.
17:09:07.758 [main] INFO org.springframework.boot.test.context.SpringBootTestContextBootstrapper -- Found @SpringBootConfiguration com.curso.springboot.spring_boot_web.SpringBootWebApplication for test class com.curso.springboot.spring_boot_web.SpringBootWebApplicationTests
17:09:07.863 [main] INFO org.springframework.boot.devtools.restart.RestartApplicationListener -- Restart disabled due to context in which it is running

  .   ____          _            __ _ _
 /\\ / ___'_ __ _ _(_)_ __  __ _ \ \ \ \
( ( )\___ | '_ | '_| | '_ \/ _` | \ \ \ \
 \\/  ___)| |_)| | | | | || (_| |  ) ) ) )
  '  |____| .__|_| |_|_| |_\__, | / / / /
 =========|_|==============|___/=/_/_/_/

 :: Spring Boot ::                (v3.5.0)

2025-05-26T17:09:08.069-06:00  INFO 775534 --- [spring-boot-web] [           main] c.c.s.s.SpringBootWebApplicationTests    : Starting SpringBootWebApplicationTests using Java 17.0.6 with PID 775534 (started by glem@praxisit.local in /home/glem@praxisit.local/Documentos/cursoSpringBoot/spring-boot-web)
2025-05-26T17:09:08.070-06:00  INFO 775534 --- [spring-boot-web] [           main] c.c.s.s.SpringBootWebApplicationTests    : No active profile set, falling back to 1 default profile: "default"
2025-05-26T17:09:08.622-06:00  INFO 775534 --- [spring-boot-web] [           main] o.s.b.a.w.s.WelcomePageHandlerMapping    : Adding welcome page template: index
2025-05-26T17:09:08.835-06:00  INFO 775534 --- [spring-boot-web] [           main] c.c.s.s.SpringBootWebApplicationTests    : Started SpringBootWebApplicationTests in 0.98 seconds (process running for 1.602)
]]></system-out>
  </testcase>
</testsuite>